# JRE version: Java(TM) SE Runtime Environment (16.0.2+7) (build 16.0.2+7-67)
# Java VM: Java HotSpot(TM) 64-Bit Server VM (16.0.2+7-67, mixed mode, sharing, tiered, compressed oops, compressed class ptrs, g1 gc, windows-amd64)
GC Precious Log:
 CPUs: 8 total, 8 available
 Memory: 8050M
 Large Page Support: Disabled
 NUMA Support: Disabled
 Compressed Oops: Enabled (32-bit)
 Heap Region Size: 1M
 Heap Min Capacity: 8M
 Heap Initial Capacity: 126M
 Heap Max Capacity: 2014M
 Pre-touch: Disabled
 Parallel Workers: 8
 Concurrent Workers: 2
 Concurrent Refinement Workers: 8
 Periodic GC: Disabled
Heap:
 garbage-first heap   total 97280K, used 51731K [0x0000000082200000, 0x0000000100000000)
  region size 1024K, 37 young (37888K), 1 survivors (1024K)
 Metaspace       used 33189K, committed 33536K, reserved 1081344K
  class space    used 4289K, committed 4480K, reserved 1048576K
GC Heap History (20 events):
Event: 1.003 GC heap before
{Heap before GC invocations=0 (full 0):
 garbage-first heap   total 129024K, used 24576K [0x0000000082200000, 0x0000000100000000)
  region size 1024K, 23 young (23552K), 0 survivors (0K)
 Metaspace       used 4319K, committed 4544K, reserved 1056768K
  class space    used 452K, committed 576K, reserved 1048576K
}
Event: 1.010 GC heap after
{Heap after GC invocations=1 (full 0):
 garbage-first heap   total 129024K, used 6554K [0x0000000082200000, 0x0000000100000000)
  region size 1024K, 3 young (3072K), 3 survivors (3072K)
 Metaspace       used 4319K, committed 4544K, reserved 1056768K
  class space    used 452K, committed 576K, reserved 1048576K
}
Event: 1.026 GC heap before
{Heap before GC invocations=1 (full 0):
 garbage-first heap   total 129024K, used 34202K [0x0000000082200000, 0x0000000100000000)
  region size 1024K, 31 young (31744K), 3 survivors (3072K)
 Metaspace       used 4320K, committed 4544K, reserved 1056768K
  class space    used 452K, committed 576K, reserved 1048576K
}
Event: 1.030 GC heap after
{Heap after GC invocations=2 (full 0):
 garbage-first heap   total 129024K, used 6760K [0x0000000082200000, 0x0000000100000000)
  region size 1024K, 1 young (1024K), 1 survivors (1024K)
 Metaspace       used 4320K, committed 4544K, reserved 1056768K
  class space    used 452K, committed 576K, reserved 1048576K
}
Event: 3.061 GC heap before
{Heap before GC invocations=2 (full 0):
 garbage-first heap   total 129024K, used 81512K [0x0000000082200000, 0x0000000100000000)
  region size 1024K, 75 young (76800K), 1 survivors (1024K)
 Metaspace       used 15985K, committed 16192K, reserved 1064960K
  class space    used 2030K, committed 2112K, reserved 1048576K
}
Event: 3.067 GC heap after
{Heap after GC invocations=3 (full 0):
 garbage-first heap   total 129024K, used 10380K [0x0000000082200000, 0x0000000100000000)
  region size 1024K, 4 young (4096K), 4 survivors (4096K)
 Metaspace       used 15985K, committed 16192K, reserved 1064960K
  class space    used 2030K, committed 2112K, reserved 1048576K
}
Event: 3.917 GC heap before
{Heap before GC invocations=3 (full 0):
 garbage-first heap   total 129024K, used 68748K [0x0000000082200000, 0x0000000100000000)
  region size 1024K, 63 young (64512K), 4 survivors (4096K)
 Metaspace       used 20945K, committed 21248K, reserved 1073152K
  class space    used 2631K, committed 2816K, reserved 1048576K
}
Event: 3.923 GC heap after
{Heap after GC invocations=4 (full 0):
 garbage-first heap   total 129024K, used 12114K [0x0000000082200000, 0x0000000100000000)
  region size 1024K, 6 young (6144K), 6 survivors (6144K)
 Metaspace       used 20945K, committed 21248K, reserved 1073152K
  class space    used 2631K, committed 2816K, reserved 1048576K
}
Event: 4.927 GC heap before
{Heap before GC invocations=5 (full 0):
 garbage-first heap   total 48128K, used 34642K [0x0000000082200000, 0x0000000100000000)
  region size 1024K, 28 young (28672K), 6 survivors (6144K)
 Metaspace       used 24464K, committed 24704K, reserved 1073152K
  class space    used 3116K, committed 3200K, reserved 1048576K
}
Event: 4.935 GC heap after
{Heap after GC invocations=6 (full 0):
 garbage-first heap   total 48128K, used 13874K [0x0000000082200000, 0x0000000100000000)
  region size 1024K, 4 young (4096K), 4 survivors (4096K)
 Metaspace       used 24464K, committed 24704K, reserved 1073152K
  class space    used 3116K, committed 3200K, reserved 1048576K
}
Event: 5.968 GC heap before
{Heap before GC invocations=6 (full 0):
 garbage-first heap   total 48128K, used 34354K [0x0000000082200000, 0x0000000100000000)
  region size 1024K, 24 young (24576K), 4 survivors (4096K)
 Metaspace       used 28561K, committed 28864K, reserved 1081344K
  class space    used 3675K, committed 3840K, reserved 1048576K
}
Event: 5.979 GC heap after
{Heap after GC invocations=7 (full 0):
 garbage-first heap   total 48128K, used 16218K [0x0000000082200000, 0x0000000100000000)
  region size 1024K, 3 young (3072K), 3 survivors (3072K)
 Metaspace       used 28561K, committed 28864K, reserved 1081344K
  class space    used 3675K, committed 3840K, reserved 1048576K
}
Event: 6.046 GC heap before
{Heap before GC invocations=7 (full 0):
 garbage-first heap   total 48128K, used 33626K [0x0000000082200000, 0x0000000100000000)
  region size 1024K, 21 young (21504K), 3 survivors (3072K)
 Metaspace       used 28705K, committed 28992K, reserved 1081344K
  class space    used 3692K, committed 3840K, reserved 1048576K
}
Event: 6.052 GC heap after
{Heap after GC invocations=8 (full 0):
 garbage-first heap   total 48128K, used 16733K [0x0000000082200000, 0x0000000100000000)
  region size 1024K, 1 young (1024K), 1 survivors (1024K)
 Metaspace       used 28705K, committed 28992K, reserved 1081344K
  class space    used 3692K, committed 3840K, reserved 1048576K
}
Event: 6.057 GC heap before
{Heap before GC invocations=8 (full 0):
 garbage-first heap   total 48128K, used 35165K [0x0000000082200000, 0x0000000100000000)
  region size 1024K, 20 young (20480K), 1 survivors (1024K)
 Metaspace       used 28705K, committed 28992K, reserved 1081344K
  class space    used 3692K, committed 3840K, reserved 1048576K
}
Event: 6.059 GC heap after
{Heap after GC invocations=9 (full 0):
 garbage-first heap   total 48128K, used 16461K [0x0000000082200000, 0x0000000100000000)
  region size 1024K, 1 young (1024K), 1 survivors (1024K)
 Metaspace       used 28705K, committed 28992K, reserved 1081344K
  class space    used 3692K, committed 3840K, reserved 1048576K
}
Event: 6.262 GC heap before
{Heap before GC invocations=9 (full 0):
 garbage-first heap   total 48128K, used 34893K [0x0000000082200000, 0x0000000100000000)
  region size 1024K, 20 young (20480K), 1 survivors (1024K)
 Metaspace       used 29445K, committed 29760K, reserved 1081344K
  class space    used 3753K, committed 3904K, reserved 1048576K
}
Event: 6.267 GC heap after
{Heap after GC invocations=10 (full 0):
 garbage-first heap   total 48128K, used 16883K [0x0000000082200000, 0x0000000100000000)
  region size 1024K, 1 young (1024K), 1 survivors (1024K)
 Metaspace       used 29445K, committed 29760K, reserved 1081344K
  class space    used 3753K, committed 3904K, reserved 1048576K
}
Event: 6.276 GC heap before
{Heap before GC invocations=10 (full 0):
 garbage-first heap   total 48128K, used 36339K [0x0000000082200000, 0x0000000100000000)
  region size 1024K, 21 young (21504K), 1 survivors (1024K)
 Metaspace       used 29445K, committed 29760K, reserved 1081344K
  class space    used 3753K, committed 3904K, reserved 1048576K
}
Event: 6.280 GC heap after
{Heap after GC invocations=11 (full 0):
 garbage-first heap   total 97280K, used 16915K [0x0000000082200000, 0x0000000100000000)
  region size 1024K, 1 young (1024K), 1 survivors (1024K)
 Metaspace       used 29445K, committed 29760K, reserved 1081344K
  class space    used 3753K, committed 3904K, reserved 1048576K
}

