# JRE version: Java(TM) SE Runtime Environment (16.0.2+7) (build 16.0.2+7-67)
# Java VM: Java HotSpot(TM) 64-Bit Server VM (16.0.2+7-67, mixed mode, sharing, tiered, compressed oops, compressed class ptrs, g1 gc, windows-amd64)
GC Precious Log:
 CPUs: 8 total, 8 available
 Memory: 8050M
 Large Page Support: Disabled
 NUMA Support: Disabled
 Compressed Oops: Enabled (32-bit)
 Heap Region Size: 1M
 Heap Min Capacity: 8M
 Heap Initial Capacity: 126M
 Heap Max Capacity: 2014M
 Pre-touch: Disabled
 Parallel Workers: 8
 Concurrent Workers: 2
 Concurrent Refinement Workers: 8
 Periodic GC: Disabled
Heap:
 garbage-first heap   total 68608K, used 40977K [0x0000000082200000, 0x0000000100000000)
  region size 1024K, 15 young (15360K), 3 survivors (3072K)
 Metaspace       used 67103K, committed 67584K, reserved 1114112K
  class space    used 8829K, committed 9024K, reserved 1048576K
GC Heap History (20 events):
Event: 9.427 GC heap before
{Heap before GC invocations=15 (full 0):
 garbage-first heap   total 68608K, used 53911K [0x0000000082200000, 0x0000000100000000)
  region size 1024K, 32 young (32768K), 4 survivors (4096K)
 Metaspace       used 58994K, committed 59456K, reserved 1105920K
  class space    used 7918K, committed 8128K, reserved 1048576K
}
Event: 9.433 GC heap after
{Heap after GC invocations=16 (full 0):
 garbage-first heap   total 68608K, used 27273K [0x0000000082200000, 0x0000000100000000)
  region size 1024K, 4 young (4096K), 4 survivors (4096K)
 Metaspace       used 58994K, committed 59456K, reserved 1105920K
  class space    used 7918K, committed 8128K, reserved 1048576K
}
Event: 9.464 GC heap before
{Heap before GC invocations=16 (full 0):
 garbage-first heap   total 68608K, used 27273K [0x0000000082200000, 0x0000000100000000)
  region size 1024K, 5 young (5120K), 4 survivors (4096K)
 Metaspace       used 59081K, committed 59456K, reserved 1105920K
  class space    used 7930K, committed 8128K, reserved 1048576K
}
Event: 9.469 GC heap after
{Heap after GC invocations=17 (full 0):
 garbage-first heap   total 68608K, used 28020K [0x0000000082200000, 0x0000000100000000)
  region size 1024K, 1 young (1024K), 1 survivors (1024K)
 Metaspace       used 59081K, committed 59456K, reserved 1105920K
  class space    used 7930K, committed 8128K, reserved 1048576K
}
Event: 21.550 GC heap before
{Heap before GC invocations=18 (full 0):
 garbage-first heap   total 68608K, used 53620K [0x0000000082200000, 0x0000000100000000)
  region size 1024K, 26 young (26624K), 1 survivors (1024K)
 Metaspace       used 63356K, committed 63744K, reserved 1105920K
  class space    used 8498K, committed 8704K, reserved 1048576K
}
Event: 21.563 GC heap after
{Heap after GC invocations=19 (full 0):
 garbage-first heap   total 68608K, used 29318K [0x0000000082200000, 0x0000000100000000)
  region size 1024K, 2 young (2048K), 2 survivors (2048K)
 Metaspace       used 63356K, committed 63744K, reserved 1105920K
  class space    used 8498K, committed 8704K, reserved 1048576K
}
Event: 469.793 GC heap before
{Heap before GC invocations=19 (full 0):
 garbage-first heap   total 68608K, used 53894K [0x0000000082200000, 0x0000000100000000)
  region size 1024K, 26 young (26624K), 2 survivors (2048K)
 Metaspace       used 65378K, committed 65856K, reserved 1105920K
  class space    used 8712K, committed 8960K, reserved 1048576K
}
Event: 469.798 GC heap after
{Heap after GC invocations=20 (full 0):
 garbage-first heap   total 68608K, used 29617K [0x0000000082200000, 0x0000000100000000)
  region size 1024K, 3 young (3072K), 3 survivors (3072K)
 Metaspace       used 65378K, committed 65856K, reserved 1105920K
  class space    used 8712K, committed 8960K, reserved 1048576K
}
Event: 631.603 GC heap before
{Heap before GC invocations=20 (full 0):
 garbage-first heap   total 68608K, used 35761K [0x0000000082200000, 0x0000000100000000)
  region size 1024K, 10 young (10240K), 3 survivors (3072K)
 Metaspace       used 65533K, committed 65984K, reserved 1114112K
  class space    used 8738K, committed 8960K, reserved 1048576K
}
Event: 631.678 GC heap after
{Heap after GC invocations=21 (full 1):
 garbage-first heap   total 68608K, used 24502K [0x0000000082200000, 0x0000000100000000)
  region size 1024K, 0 young (0K), 0 survivors (0K)
 Metaspace       used 65533K, committed 65984K, reserved 1114112K
  class space    used 8738K, committed 8960K, reserved 1048576K
}
Event: 632.650 GC heap before
{Heap before GC invocations=21 (full 1):
 garbage-first heap   total 68608K, used 53174K [0x0000000082200000, 0x0000000100000000)
  region size 1024K, 28 young (28672K), 0 survivors (0K)
 Metaspace       used 65890K, committed 66304K, reserved 1114112K
  class space    used 8753K, committed 8960K, reserved 1048576K
}
Event: 632.655 GC heap after
{Heap after GC invocations=22 (full 1):
 garbage-first heap   total 68608K, used 27008K [0x0000000082200000, 0x0000000100000000)
  region size 1024K, 3 young (3072K), 3 survivors (3072K)
 Metaspace       used 65890K, committed 66304K, reserved 1114112K
  class space    used 8753K, committed 8960K, reserved 1048576K
}
Event: 632.696 GC heap before
{Heap before GC invocations=22 (full 1):
 garbage-first heap   total 68608K, used 51584K [0x0000000082200000, 0x0000000100000000)
  region size 1024K, 28 young (28672K), 3 survivors (3072K)
 Metaspace       used 65906K, committed 66304K, reserved 1114112K
  class space    used 8753K, committed 8960K, reserved 1048576K
}
Event: 632.700 GC heap after
{Heap after GC invocations=23 (full 1):
 garbage-first heap   total 68608K, used 27307K [0x0000000082200000, 0x0000000100000000)
  region size 1024K, 1 young (1024K), 1 survivors (1024K)
 Metaspace       used 65906K, committed 66304K, reserved 1114112K
  class space    used 8753K, committed 8960K, reserved 1048576K
}
Event: 632.934 GC heap before
{Heap before GC invocations=23 (full 1):
 garbage-first heap   total 68608K, used 51883K [0x0000000082200000, 0x0000000100000000)
  region size 1024K, 26 young (26624K), 1 survivors (1024K)
 Metaspace       used 65976K, committed 66432K, reserved 1114112K
  class space    used 8754K, committed 8960K, reserved 1048576K
}
Event: 632.936 GC heap after
{Heap after GC invocations=24 (full 1):
 garbage-first heap   total 68608K, used 27274K [0x0000000082200000, 0x0000000100000000)
  region size 1024K, 1 young (1024K), 1 survivors (1024K)
 Metaspace       used 65976K, committed 66432K, reserved 1114112K
  class space    used 8754K, committed 8960K, reserved 1048576K
}
Event: 633.566 GC heap before
{Heap before GC invocations=24 (full 1):
 garbage-first heap   total 68608K, used 53898K [0x0000000082200000, 0x0000000100000000)
  region size 1024K, 27 young (27648K), 1 survivors (1024K)
 Metaspace       used 66462K, committed 66880K, reserved 1114112K
  class space    used 8773K, committed 8960K, reserved 1048576K
}
Event: 633.569 GC heap after
{Heap after GC invocations=25 (full 1):
 garbage-first heap   total 68608K, used 28470K [0x0000000082200000, 0x0000000100000000)
  region size 1024K, 2 young (2048K), 2 survivors (2048K)
 Metaspace       used 66462K, committed 66880K, reserved 1114112K
  class space    used 8773K, committed 8960K, reserved 1048576K
}
Event: 634.025 GC heap before
{Heap before GC invocations=25 (full 1):
 garbage-first heap   total 68608K, used 54070K [0x0000000082200000, 0x0000000100000000)
  region size 1024K, 27 young (27648K), 2 survivors (2048K)
 Metaspace       used 66776K, committed 67264K, reserved 1114112K
  class space    used 8788K, committed 9024K, reserved 1048576K
}
Event: 634.029 GC heap after
{Heap after GC invocations=26 (full 1):
 garbage-first heap   total 68608K, used 29713K [0x0000000082200000, 0x0000000100000000)
  region size 1024K, 3 young (3072K), 3 survivors (3072K)
 Metaspace       used 66776K, committed 67264K, reserved 1114112K
  class space    used 8788K, committed 9024K, reserved 1048576K
}

